Reading netlist file: "C:\iverilog\runnerProject\impl\gwsynthesis\runner.vg"
Parsing netlist file "C:\iverilog\runnerProject\impl\gwsynthesis\runner.vg" completed
Processing netlist completed
Reading constraint file: "C:\iverilog\runnerProject\src\runner.cst"
Physical Constraint parsed completed
Running placement......
[10%] Placement Phase 0 completed
[20%] Placement Phase 1 completed
[30%] Placement Phase 2 completed
[50%] Placement Phase 3 completed
Running routing......
[60%] Routing Phase 0 completed
[70%] Routing Phase 1 completed
[80%] Routing Phase 2 completed
[90%] Routing Phase 3 completed
Running timing analysis......
[95%] Timing analysis completed
Placement and routing completed
Bitstream generation in progress......
Bitstream generation completed
Running power analysis......
[100%] Power analysis completed
Generate file "C:\iverilog\runnerProject\impl\pnr\runner.power.html" completed
Generate file "C:\iverilog\runnerProject\impl\pnr\runner.pin.html" completed
Generate file "C:\iverilog\runnerProject\impl\pnr\runner.rpt.html" completed
Generate file "C:\iverilog\runnerProject\impl\pnr\runner.rpt.txt" completed
Generate file "C:\iverilog\runnerProject\impl\pnr\runner.tr.html" completed
Wed Dec  4 18:14:35 2024

