GowinSynthesis start
Running parser ...
Analyzing Verilog file 'C:\iverilog\runner\src\runner.v'
Compiling module 'runner'("C:\iverilog\runner\src\runner.v":5)
WARN  (EX3791) : Expression size 4 truncated to fit in target size 3("C:\iverilog\runner\src\runner.v":45)
WARN  (EX1998) : Net 'leds_out[4]' does not have a driver("C:\iverilog\runner\src\runner.v":17)
NOTE  (EX0101) : Current top module is "runner"
[5%] Running netlist conversion ...
Running device independent optimization ...
[10%] Optimizing Phase 0 completed
[15%] Optimizing Phase 1 completed
[25%] Optimizing Phase 2 completed
Running inference ...
[30%] Inferring Phase 0 completed
[40%] Inferring Phase 1 completed
[50%] Inferring Phase 2 completed
[55%] Inferring Phase 3 completed
Running technical mapping ...
[60%] Tech-Mapping Phase 0 completed
[65%] Tech-Mapping Phase 1 completed
[75%] Tech-Mapping Phase 2 completed
[80%] Tech-Mapping Phase 3 completed
[90%] Tech-Mapping Phase 4 completed
[95%] Generate netlist file "C:\iverilog\runner\impl\gwsynthesis\runner.vg" completed
[100%] Generate report file "C:\iverilog\runner\impl\gwsynthesis\runner_syn.rpt.html" completed
GowinSynthesis finish
